<?xml version="1.0" encoding="utf-8"?><testsuites><testsuite name="pytest" errors="0" failures="0" skipped="13" tests="65" time="3.687" timestamp="2025-06-21T02:06:44.111851+00:00" hostname="pkrvmxyh4eaekms"><testcase classname="tests.integration.test_unsplash_apis" name="test_get_photos_async" time="0.371" /><testcase classname="tests.integration.test_unsplash_apis" name="test_get_photo_async" time="0.151" /><testcase classname="tests.integration.test_unsplash_apis" name="test_get_collections_async" time="0.116" /><testcase classname="tests.integration.test_unsplash_apis" name="test_get_collection_async" time="0.094" /><testcase classname="tests.integration.test_unsplash_apis" name="test_get_collection_photos_async" time="0.123" /><testcase classname="tests.integration.test_unsplash_apis" name="test_get_user_async" time="0.117" /><testcase classname="tests.integration.test_unsplash_apis" name="test_get_user_photos_async" time="0.103" /><testcase classname="tests.integration.test_unsplash_apis" name="test_get_user_collections_async" time="0.099" /><testcase classname="tests.integration.test_unsplash_apis" name="test_get_topics_async" time="0.174" /><testcase classname="tests.integration.test_unsplash_apis" name="test_get_topic_async" time="0.096" /><testcase classname="tests.integration.test_unsplash_apis" name="test_get_topic_photos_async" time="0.176" /><testcase classname="tests.integration.test_unsplash_apis" name="test_get_search_photos_async" time="0.051" /><testcase classname="tests.integration.test_unsplash_apis" name="test_get_search_collections_async" time="0.056" /><testcase classname="tests.integration.test_unsplash_apis" name="test_get_search_users_async" time="0.171" /><testcase classname="tests.integration.test_unsplash_apis" name="test_get_photos" time="0.001"><skipped type="pytest.skip" message="discarded due to using async">/home/runner/work/apis-testing/apis-testing/tests/integration/test_unsplash_apis.py:129: discarded due to using async</skipped></testcase><testcase classname="tests.integration.test_unsplash_apis" name="test_get_photo" time="0.001"><skipped type="pytest.skip" message="discarded due to using async">/home/runner/work/apis-testing/apis-testing/tests/integration/test_unsplash_apis.py:134: discarded due to using async</skipped></testcase><testcase classname="tests.integration.test_unsplash_apis" name="test_get_collections" time="0.001"><skipped type="pytest.skip" message="discarded due to using async">/home/runner/work/apis-testing/apis-testing/tests/integration/test_unsplash_apis.py:139: discarded due to using async</skipped></testcase><testcase classname="tests.integration.test_unsplash_apis" name="test_get_collection" time="0.001"><skipped type="pytest.skip" message="discarded due to using async">/home/runner/work/apis-testing/apis-testing/tests/integration/test_unsplash_apis.py:144: discarded due to using async</skipped></testcase><testcase classname="tests.integration.test_unsplash_apis" name="test_get_user" time="0.001"><skipped type="pytest.skip" message="discarded due to using async">/home/runner/work/apis-testing/apis-testing/tests/integration/test_unsplash_apis.py:151: discarded due to using async</skipped></testcase><testcase classname="tests.integration.test_unsplash_apis" name="test_get_user_photos" time="0.001"><skipped type="pytest.skip" message="discarded due to using async">/home/runner/work/apis-testing/apis-testing/tests/integration/test_unsplash_apis.py:158: discarded due to using async</skipped></testcase><testcase classname="tests.integration.test_unsplash_apis" name="test_get_user_collections" time="0.001"><skipped type="pytest.skip" message="discarded due to using async">/home/runner/work/apis-testing/apis-testing/tests/integration/test_unsplash_apis.py:167: discarded due to using async</skipped></testcase><testcase classname="tests.integration.test_unsplash_apis" name="test_get_search_photos" time="0.001"><skipped type="pytest.skip" message="discarded due to using async">/home/runner/work/apis-testing/apis-testing/tests/integration/test_unsplash_apis.py:177: discarded due to using async</skipped></testcase><testcase classname="tests.integration.test_unsplash_apis" name="test_get_search_collections" time="0.001"><skipped type="pytest.skip" message="discarded due to using async">/home/runner/work/apis-testing/apis-testing/tests/integration/test_unsplash_apis.py:186: discarded due to using async</skipped></testcase><testcase classname="tests.integration.test_unsplash_apis" name="test_get_search_users" time="0.001"><skipped type="pytest.skip" message="discarded due to using async">/home/runner/work/apis-testing/apis-testing/tests/integration/test_unsplash_apis.py:196: discarded due to using async</skipped></testcase><testcase classname="tests.integration.test_unsplash_apis" name="test_get_topics" time="0.001"><skipped type="pytest.skip" message="discarded due to using async">/home/runner/work/apis-testing/apis-testing/tests/integration/test_unsplash_apis.py:205: discarded due to using async</skipped></testcase><testcase classname="tests.integration.test_unsplash_apis" name="test_get_topic" time="0.001"><skipped type="pytest.skip" message="discarded due to using async">/home/runner/work/apis-testing/apis-testing/tests/integration/test_unsplash_apis.py:216: discarded due to using async</skipped></testcase><testcase classname="tests.integration.test_unsplash_apis" name="test_get_topic_photos" time="0.001"><skipped type="pytest.skip" message="discarded due to using async">/home/runner/work/apis-testing/apis-testing/tests/integration/test_unsplash_apis.py:224: discarded due to using async</skipped></testcase><testcase classname="tests.integration.test_unsplash_apis_status" name="test_get_photos_api" time="0.113" /><testcase classname="tests.integration.test_unsplash_apis_status" name="test_get_photo_api" time="0.020" /><testcase classname="tests.integration.test_unsplash_apis_status" name="test_get_collections_api" time="0.089" /><testcase classname="tests.integration.test_unsplash_apis_status" name="test_get_collection_api" time="0.016" /><testcase classname="tests.integration.test_unsplash_apis_status" name="test_get_user_api" time="0.031" /><testcase classname="tests.integration.test_unsplash_apis_status" name="test_get_user_photos_api" time="0.111" /><testcase classname="tests.integration.test_unsplash_apis_status" name="test_get_user_collections_api" time="0.074" /><testcase classname="tests.integration.test_unsplash_apis_status" name="test_get_search_photos_api" time="0.025" /><testcase classname="tests.integration.test_unsplash_apis_status" name="test_get_search_collections_api" time="0.026" /><testcase classname="tests.integration.test_unsplash_apis_status" name="test_get_search_users_api" time="0.070" /><testcase classname="tests.integration.test_unsplash_apis_status" name="test_get_topics_api" time="0.075" /><testcase classname="tests.integration.test_unsplash_apis_status" name="test_get_topic_api" time="0.019" /><testcase classname="tests.integration.test_unsplash_apis_status" name="test_get_topic_photos_api" time="0.146" /><testcase classname="tests.integration.test_unsplash_status_code" name="test_fake_404" time="0.005" /><testcase classname="tests.integration.test_unsplash_status_code" name="test_server_bad_request" time="0.047" /><testcase classname="tests.integration.test_unsplash_status_code" name="test_server_unauthorized" time="0.031" /><testcase classname="tests.integration.test_unsplash_status_code" name="test_server_not_found" time="0.028" /><testcase classname="tests.test_env" name="test_unsplash_access_key" time="0.001" /><testcase classname="tests.unit.data.repository.test_unsplash_api_impl" name="test_get_photos_success" time="0.007" /><testcase classname="tests.unit.data.repository.test_unsplash_api_impl" name="test_get_photo_success" time="0.006" /><testcase classname="tests.unit.data.repository.test_unsplash_api_impl" name="test_get_collections_success" time="0.006" /><testcase classname="tests.unit.data.repository.test_unsplash_api_impl" name="test_get_collection_success" time="0.006" /><testcase classname="tests.unit.data.repository.test_unsplash_api_impl" name="test_get_collection_photos_success" time="0.006" /><testcase classname="tests.unit.data.repository.test_unsplash_api_impl" name="test_get_user_success" time="0.006" /><testcase classname="tests.unit.data.repository.test_unsplash_api_impl" name="test_get_user_photos_success" time="0.006" /><testcase classname="tests.unit.data.repository.test_unsplash_api_impl" name="test_get_user_collections_success" time="0.006" /><testcase classname="tests.unit.data.repository.test_unsplash_api_impl" name="test_get_topics_success" time="0.006" /><testcase classname="tests.unit.data.repository.test_unsplash_api_impl" name="test_get_topic_success" time="0.006" /><testcase classname="tests.unit.data.repository.test_unsplash_api_impl" name="test_get_topic_photos_success" time="0.006" /><testcase classname="tests.unit.data.repository.test_unsplash_api_impl" name="test_get_search_success" time="0.006" /><testcase classname="tests.unit.data.repository.test_unsplash_api_impl" name="test_get_search_invalid_category" time="0.005" /><testcase classname="tests.unit.utils.test_decorator" name="test_handle_base_exceptions_async_type_error" time="0.004" /><testcase classname="tests.unit.utils.test_decorator" name="test_handle_base_exceptions_async_other_exception" time="0.004" /><testcase classname="tests.unit.utils.test_decorator" name="test_handle_base_exceptions_async_success" time="0.002" /><testcase classname="tests.unit.utils.test_decorator" name="test_handle_api_call_exceptions_async_request_error" time="0.003" /><testcase classname="tests.unit.utils.test_decorator" name="test_handle_api_call_exceptions_async_http_status_error" time="0.003" /><testcase classname="tests.unit.utils.test_decorator" name="test_handle_api_call_exceptions_async_value_error" time="0.003" /><testcase classname="tests.unit.utils.test_decorator" name="test_handle_api_call_exceptions_async_success" time="0.004" /></testsuite></testsuites>