<?xml version="1.0" encoding="utf-8"?><testsuites><testsuite name="pytest" errors="0" failures="0" skipped="13" tests="65" time="5.018" timestamp="2025-06-30T02:22:20.321649+00:00" hostname="pkrvmbietmlfzoi"><testcase classname="tests.integration.test_unsplash_apis" name="test_get_photos_async" time="0.460" /><testcase classname="tests.integration.test_unsplash_apis" name="test_get_photo_async" time="0.195" /><testcase classname="tests.integration.test_unsplash_apis" name="test_get_collections_async" time="0.147" /><testcase classname="tests.integration.test_unsplash_apis" name="test_get_collection_async" time="0.134" /><testcase classname="tests.integration.test_unsplash_apis" name="test_get_collection_photos_async" time="0.148" /><testcase classname="tests.integration.test_unsplash_apis" name="test_get_user_async" time="0.229" /><testcase classname="tests.integration.test_unsplash_apis" name="test_get_user_photos_async" time="0.116" /><testcase classname="tests.integration.test_unsplash_apis" name="test_get_user_collections_async" time="0.191" /><testcase classname="tests.integration.test_unsplash_apis" name="test_get_topics_async" time="0.173" /><testcase classname="tests.integration.test_unsplash_apis" name="test_get_topic_async" time="0.111" /><testcase classname="tests.integration.test_unsplash_apis" name="test_get_topic_photos_async" time="0.209" /><testcase classname="tests.integration.test_unsplash_apis" name="test_get_search_photos_async" time="0.146" /><testcase classname="tests.integration.test_unsplash_apis" name="test_get_search_collections_async" time="0.105" /><testcase classname="tests.integration.test_unsplash_apis" name="test_get_search_users_async" time="0.227" /><testcase classname="tests.integration.test_unsplash_apis" name="test_get_photos" time="0.001"><skipped type="pytest.skip" message="discarded due to using async">/home/runner/work/apis-testing/apis-testing/tests/integration/test_unsplash_apis.py:129: discarded due to using async</skipped></testcase><testcase classname="tests.integration.test_unsplash_apis" name="test_get_photo" time="0.001"><skipped type="pytest.skip" message="discarded due to using async">/home/runner/work/apis-testing/apis-testing/tests/integration/test_unsplash_apis.py:134: discarded due to using async</skipped></testcase><testcase classname="tests.integration.test_unsplash_apis" name="test_get_collections" time="0.001"><skipped type="pytest.skip" message="discarded due to using async">/home/runner/work/apis-testing/apis-testing/tests/integration/test_unsplash_apis.py:139: discarded due to using async</skipped></testcase><testcase classname="tests.integration.test_unsplash_apis" name="test_get_collection" time="0.001"><skipped type="pytest.skip" message="discarded due to using async">/home/runner/work/apis-testing/apis-testing/tests/integration/test_unsplash_apis.py:144: discarded due to using async</skipped></testcase><testcase classname="tests.integration.test_unsplash_apis" name="test_get_user" time="0.001"><skipped type="pytest.skip" message="discarded due to using async">/home/runner/work/apis-testing/apis-testing/tests/integration/test_unsplash_apis.py:151: discarded due to using async</skipped></testcase><testcase classname="tests.integration.test_unsplash_apis" name="test_get_user_photos" time="0.001"><skipped type="pytest.skip" message="discarded due to using async">/home/runner/work/apis-testing/apis-testing/tests/integration/test_unsplash_apis.py:158: discarded due to using async</skipped></testcase><testcase classname="tests.integration.test_unsplash_apis" name="test_get_user_collections" time="0.001"><skipped type="pytest.skip" message="discarded due to using async">/home/runner/work/apis-testing/apis-testing/tests/integration/test_unsplash_apis.py:167: discarded due to using async</skipped></testcase><testcase classname="tests.integration.test_unsplash_apis" name="test_get_search_photos" time="0.001"><skipped type="pytest.skip" message="discarded due to using async">/home/runner/work/apis-testing/apis-testing/tests/integration/test_unsplash_apis.py:177: discarded due to using async</skipped></testcase><testcase classname="tests.integration.test_unsplash_apis" name="test_get_search_collections" time="0.001"><skipped type="pytest.skip" message="discarded due to using async">/home/runner/work/apis-testing/apis-testing/tests/integration/test_unsplash_apis.py:186: discarded due to using async</skipped></testcase><testcase classname="tests.integration.test_unsplash_apis" name="test_get_search_users" time="0.001"><skipped type="pytest.skip" message="discarded due to using async">/home/runner/work/apis-testing/apis-testing/tests/integration/test_unsplash_apis.py:196: discarded due to using async</skipped></testcase><testcase classname="tests.integration.test_unsplash_apis" name="test_get_topics" time="0.001"><skipped type="pytest.skip" message="discarded due to using async">/home/runner/work/apis-testing/apis-testing/tests/integration/test_unsplash_apis.py:205: discarded due to using async</skipped></testcase><testcase classname="tests.integration.test_unsplash_apis" name="test_get_topic" time="0.001"><skipped type="pytest.skip" message="discarded due to using async">/home/runner/work/apis-testing/apis-testing/tests/integration/test_unsplash_apis.py:216: discarded due to using async</skipped></testcase><testcase classname="tests.integration.test_unsplash_apis" name="test_get_topic_photos" time="0.001"><skipped type="pytest.skip" message="discarded due to using async">/home/runner/work/apis-testing/apis-testing/tests/integration/test_unsplash_apis.py:224: discarded due to using async</skipped></testcase><testcase classname="tests.integration.test_unsplash_apis_status" name="test_get_photos_api" time="0.132" /><testcase classname="tests.integration.test_unsplash_apis_status" name="test_get_photo_api" time="0.050" /><testcase classname="tests.integration.test_unsplash_apis_status" name="test_get_collections_api" time="0.128" /><testcase classname="tests.integration.test_unsplash_apis_status" name="test_get_collection_api" time="0.034" /><testcase classname="tests.integration.test_unsplash_apis_status" name="test_get_user_api" time="0.039" /><testcase classname="tests.integration.test_unsplash_apis_status" name="test_get_user_photos_api" time="0.088" /><testcase classname="tests.integration.test_unsplash_apis_status" name="test_get_user_collections_api" time="0.139" /><testcase classname="tests.integration.test_unsplash_apis_status" name="test_get_search_photos_api" time="0.112" /><testcase classname="tests.integration.test_unsplash_apis_status" name="test_get_search_collections_api" time="0.143" /><testcase classname="tests.integration.test_unsplash_apis_status" name="test_get_search_users_api" time="0.118" /><testcase classname="tests.integration.test_unsplash_apis_status" name="test_get_topics_api" time="0.137" /><testcase classname="tests.integration.test_unsplash_apis_status" name="test_get_topic_api" time="0.036" /><testcase classname="tests.integration.test_unsplash_apis_status" name="test_get_topic_photos_api" time="0.187" /><testcase classname="tests.integration.test_unsplash_status_code" name="test_fake_404" time="0.005" /><testcase classname="tests.integration.test_unsplash_status_code" name="test_server_bad_request" time="0.062" /><testcase classname="tests.integration.test_unsplash_status_code" name="test_server_unauthorized" time="0.062" /><testcase classname="tests.integration.test_unsplash_status_code" name="test_server_not_found" time="0.095" /><testcase classname="tests.test_env" name="test_unsplash_access_key" time="0.001" /><testcase classname="tests.unit.data.repository.test_unsplash_api_impl" name="test_get_photos_success" time="0.007" /><testcase classname="tests.unit.data.repository.test_unsplash_api_impl" name="test_get_photo_success" time="0.010" /><testcase classname="tests.unit.data.repository.test_unsplash_api_impl" name="test_get_collections_success" time="0.006" /><testcase classname="tests.unit.data.repository.test_unsplash_api_impl" name="test_get_collection_success" time="0.007" /><testcase classname="tests.unit.data.repository.test_unsplash_api_impl" name="test_get_collection_photos_success" time="0.006" /><testcase classname="tests.unit.data.repository.test_unsplash_api_impl" name="test_get_user_success" time="0.006" /><testcase classname="tests.unit.data.repository.test_unsplash_api_impl" name="test_get_user_photos_success" time="0.006" /><testcase classname="tests.unit.data.repository.test_unsplash_api_impl" name="test_get_user_collections_success" time="0.006" /><testcase classname="tests.unit.data.repository.test_unsplash_api_impl" name="test_get_topics_success" time="0.006" /><testcase classname="tests.unit.data.repository.test_unsplash_api_impl" name="test_get_topic_success" time="0.006" /><testcase classname="tests.unit.data.repository.test_unsplash_api_impl" name="test_get_topic_photos_success" time="0.006" /><testcase classname="tests.unit.data.repository.test_unsplash_api_impl" name="test_get_search_success" time="0.006" /><testcase classname="tests.unit.data.repository.test_unsplash_api_impl" name="test_get_search_invalid_category" time="0.005" /><testcase classname="tests.unit.utils.test_decorator" name="test_handle_base_exceptions_async_type_error" time="0.003" /><testcase classname="tests.unit.utils.test_decorator" name="test_handle_base_exceptions_async_other_exception" time="0.004" /><testcase classname="tests.unit.utils.test_decorator" name="test_handle_base_exceptions_async_success" time="0.002" /><testcase classname="tests.unit.utils.test_decorator" name="test_handle_api_call_exceptions_async_request_error" time="0.003" /><testcase classname="tests.unit.utils.test_decorator" name="test_handle_api_call_exceptions_async_http_status_error" time="0.003" /><testcase classname="tests.unit.utils.test_decorator" name="test_handle_api_call_exceptions_async_value_error" time="0.003" /><testcase classname="tests.unit.utils.test_decorator" name="test_handle_api_call_exceptions_async_success" time="0.004" /></testsuite></testsuites>